  [1m[35m (10.2ms)[0m  [1m[35mCREATE DATABASE `api_development` DEFAULT CHARACTER SET `utf8mb4`[0m
  [1m[35m (5.7ms)[0m  [1m[35mCREATE DATABASE `api_test` DEFAULT CHARACTER SET `utf8mb4`[0m
Started GET "/" for 172.26.0.1 at 2023-07-22 08:45:52 +0000
Processing by Rails::WelcomeController#index as HTML
  Rendering /usr/local/bundle/gems/railties-7.0.6/lib/rails/templates/rails/welcome/index.html.erb
  Rendered /usr/local/bundle/gems/railties-7.0.6/lib/rails/templates/rails/welcome/index.html.erb (Duration: 13.1ms | Allocations: 634)
Completed 200 OK in 231ms (Views: 47.4ms | ActiveRecord: 0.0ms | Allocations: 7152)


Started GET "/" for 172.28.0.1 at 2023-07-22 21:58:40 +0000
Processing by Rails::WelcomeController#index as HTML
  Rendering /usr/local/bundle/gems/railties-7.0.6/lib/rails/templates/rails/welcome/index.html.erb
  Rendered /usr/local/bundle/gems/railties-7.0.6/lib/rails/templates/rails/welcome/index.html.erb (Duration: 17.7ms | Allocations: 633)
Completed 200 OK in 260ms (Views: 71.6ms | ActiveRecord: 0.0ms | Allocations: 7105)


Started GET "/" for 172.28.0.1 at 2023-07-22 22:26:20 +0000
Processing by Rails::WelcomeController#index as HTML
  Rendering /usr/local/bundle/gems/railties-7.0.6/lib/rails/templates/rails/welcome/index.html.erb
  Rendered /usr/local/bundle/gems/railties-7.0.6/lib/rails/templates/rails/welcome/index.html.erb (Duration: 3.9ms | Allocations: 272)
Completed 200 OK in 16ms (Views: 11.4ms | Allocations: 870)


Started GET "/api/v1/test" for 172.28.0.1 at 2023-07-22 22:26:27 +0000
  
ActionController::RoutingError (No route matches [GET] "/api/v1/test"):
  
Started GET "/favicon.ico" for 172.28.0.1 at 2023-07-22 22:26:28 +0000
  
ActionController::RoutingError (No route matches [GET] "/favicon.ico"):
  
Started GET "/api/v1/tests" for 172.28.0.1 at 2023-07-22 22:26:33 +0000
  
ActionController::RoutingError (uninitialized constant Api::V1::TestsController):
  
Started GET "/api/v1/tests" for 172.28.0.1 at 2023-07-22 22:26:59 +0000
  
ActionController::RoutingError (No route matches [GET] "/api/v1/tests"):
  
Started GET "/api/v1/test" for 172.28.0.1 at 2023-07-22 22:27:02 +0000
Processing by Api::V1::TestController#index as HTML
Completed 200 OK in 4ms (Views: 3.2ms | Allocations: 264)


  [1m[35m (396.6ms)[0m  [1m[35mCREATE TABLE `schema_migrations` (`version` varchar(255) NOT NULL PRIMARY KEY)[0m
  [1m[35m (50.6ms)[0m  [1m[35mCREATE TABLE `ar_internal_metadata` (`key` varchar(255) NOT NULL PRIMARY KEY, `value` varchar(255), `created_at` datetime(6) NOT NULL, `updated_at` datetime(6) NOT NULL)[0m
  [1m[35m (3.5ms)[0m  [1m[34mSELECT GET_LOCK('5878493172211724820', 0)[0m
  [1m[36mActiveRecord::SchemaMigration Pluck (26.5ms)[0m  [1m[34mSELECT `schema_migrations`.`version` FROM `schema_migrations` ORDER BY `schema_migrations`.`version` ASC[0m
Migrating to DeviseTokenAuthCreateUsers (20230722224446)
  [1m[35m (70.0ms)[0m  [1m[35mCREATE TABLE `users` (`id` bigint NOT NULL AUTO_INCREMENT PRIMARY KEY, `provider` varchar(255) DEFAULT 'email' NOT NULL, `uid` varchar(255) DEFAULT '' NOT NULL, `encrypted_password` varchar(255) DEFAULT '' NOT NULL, `reset_password_token` varchar(255), `reset_password_sent_at` datetime(6), `allow_password_change` tinyint(1) DEFAULT FALSE, `remember_created_at` datetime(6), `confirmation_token` varchar(255), `confirmed_at` datetime(6), `confirmation_sent_at` datetime(6), `unconfirmed_email` varchar(255), `name` varchar(255), `nickname` varchar(255), `image` varchar(255), `email` varchar(255), `tokens` text, `created_at` datetime(6) NOT NULL, `updated_at` datetime(6) NOT NULL)[0m
  [1m[35m (178.2ms)[0m  [1m[35mCREATE UNIQUE INDEX `index_users_on_email` ON `users` (`email`)[0m
  [1m[35m (98.2ms)[0m  [1m[35mCREATE UNIQUE INDEX `index_users_on_uid_and_provider` ON `users` (`uid`, `provider`)[0m
  [1m[35m (63.0ms)[0m  [1m[35mCREATE UNIQUE INDEX `index_users_on_reset_password_token` ON `users` (`reset_password_token`)[0m
  [1m[35m (85.7ms)[0m  [1m[35mCREATE UNIQUE INDEX `index_users_on_confirmation_token` ON `users` (`confirmation_token`)[0m
  [1m[36mTRANSACTION (0.3ms)[0m  [1m[35mBEGIN[0m
  [1m[36mActiveRecord::SchemaMigration Create (13.5ms)[0m  [1m[32mINSERT INTO `schema_migrations` (`version`) VALUES ('20230722224446')[0m
  [1m[36mTRANSACTION (5.4ms)[0m  [1m[35mCOMMIT[0m
  [1m[36mActiveRecord::InternalMetadata Load (7.6ms)[0m  [1m[34mSELECT `ar_internal_metadata`.* FROM `ar_internal_metadata` WHERE `ar_internal_metadata`.`key` = 'environment' LIMIT 1[0m
  [1m[36mTRANSACTION (0.5ms)[0m  [1m[35mBEGIN[0m
  [1m[36mActiveRecord::InternalMetadata Create (2.6ms)[0m  [1m[32mINSERT INTO `ar_internal_metadata` (`key`, `value`, `created_at`, `updated_at`) VALUES ('environment', 'development', '2023-07-22 22:45:30.106059', '2023-07-22 22:45:30.106059')[0m
  [1m[36mTRANSACTION (3.3ms)[0m  [1m[35mCOMMIT[0m
  [1m[35m (1.8ms)[0m  [1m[34mSELECT RELEASE_LOCK('5878493172211724820')[0m
  [1m[36mActiveRecord::SchemaMigration Pluck (0.6ms)[0m  [1m[34mSELECT `schema_migrations`.`version` FROM `schema_migrations` ORDER BY `schema_migrations`.`version` ASC[0m
Started POST "/api/v1/auth" for 172.28.0.1 at 2023-07-22 23:52:28 +0000
  
NoMethodError (undefined method `devise' for User:Class):
  
app/models/user.rb:6:in `<class:User>'
app/models/user.rb:3:in `<main>'
config/routes.rb:2:in `block in <main>'
config/routes.rb:1:in `<main>'
Error occurred while parsing request parameters.
Contents:

{
  name:test
  email:test@example.com
  password:password
  password_confirmation:password
}
Started POST "/api/v1/auth" for 172.28.0.1 at 2023-07-22 23:57:01 +0000
  [1m[36mActiveRecord::SchemaMigration Pluck (29.7ms)[0m  [1m[34mSELECT `schema_migrations`.`version` FROM `schema_migrations` ORDER BY `schema_migrations`.`version` ASC[0m
  
ArgumentError (Before process_action callback :verify_authenticity_token has not been defined):
  
app/controllers/application_controller.rb:4:in `<class:ApplicationController>'
app/controllers/application_controller.rb:1:in `<main>'
app/controllers/api/v1/auth/registrations_controller.rb:1:in `<main>'
Error occurred while parsing request parameters.
Contents:

{
  name:test
  email:test@example.com
  password:password
  password_confirmation:password
}
Started POST "/api/v1/auth" for 172.28.0.1 at 2023-07-22 23:58:58 +0000
  
ArgumentError (Before process_action callback :verify_authenticity_token has not been defined):
  
app/controllers/application_controller.rb:4:in `<class:ApplicationController>'
app/controllers/application_controller.rb:1:in `<main>'
app/controllers/api/v1/auth/registrations_controller.rb:1:in `<main>'
Error occurred while parsing request parameters.
Contents:

{
  "name":test
  "email":test@example.com
  "password":password
  "password_confirmation":password
}
Started POST "/api/v1/auth" for 172.28.0.1 at 2023-07-22 23:59:47 +0000
  
ArgumentError (Before process_action callback :verify_authenticity_token has not been defined):
  
app/controllers/application_controller.rb:4:in `<class:ApplicationController>'
app/controllers/application_controller.rb:1:in `<main>'
app/controllers/api/v1/auth/registrations_controller.rb:1:in `<main>'
Error occurred while parsing request parameters.
Contents:

{
  "name":"test"
  "email":"test@example.com"
  "password":"password"
  "password_confirmation":"password"
}
Started POST "/api/v1/auth" for 172.28.0.1 at 2023-07-23 00:00:56 +0000
  
ArgumentError (Before process_action callback :verify_authenticity_token has not been defined):
  
app/controllers/application_controller.rb:4:in `<class:ApplicationController>'
app/controllers/application_controller.rb:1:in `<main>'
app/controllers/api/v1/auth/registrations_controller.rb:1:in `<main>'
Started POST "/api/v1/auth" for 172.28.0.1 at 2023-07-23 00:06:58 +0000
  
NoMethodError (undefined method `helper_method' for ApplicationController:Class):
  
app/controllers/application_controller.rb:5:in `<class:ApplicationController>'
app/controllers/application_controller.rb:1:in `<main>'
app/controllers/api/v1/auth/registrations_controller.rb:1:in `<main>'
Started POST "/api/v1/auth" for 172.28.0.1 at 2023-07-23 00:13:15 +0000
  
AbstractController::ActionNotFound (The action 'create' could not be found for Api::V1::Auth::RegistrationsController):
  
actionpack (7.0.6) lib/abstract_controller/base.rb:146:in `process'
actionpack (7.0.6) lib/action_controller/metal.rb:188:in `dispatch'
actionpack (7.0.6) lib/action_controller/metal.rb:251:in `dispatch'
actionpack (7.0.6) lib/action_dispatch/routing/route_set.rb:49:in `dispatch'
actionpack (7.0.6) lib/action_dispatch/routing/route_set.rb:32:in `serve'
actionpack (7.0.6) lib/action_dispatch/routing/mapper.rb:18:in `block in <class:Constraints>'
actionpack (7.0.6) lib/action_dispatch/routing/mapper.rb:48:in `serve'
actionpack (7.0.6) lib/action_dispatch/journey/router.rb:50:in `block in serve'
actionpack (7.0.6) lib/action_dispatch/journey/router.rb:32:in `each'
actionpack (7.0.6) lib/action_dispatch/journey/router.rb:32:in `serve'
actionpack (7.0.6) lib/action_dispatch/routing/route_set.rb:852:in `call'
warden (1.2.9) lib/warden/manager.rb:36:in `block in call'
warden (1.2.9) lib/warden/manager.rb:34:in `catch'
warden (1.2.9) lib/warden/manager.rb:34:in `call'
rack (2.2.7) lib/rack/etag.rb:27:in `call'
rack (2.2.7) lib/rack/conditional_get.rb:40:in `call'
rack (2.2.7) lib/rack/head.rb:12:in `call'
activerecord (7.0.6) lib/active_record/migration.rb:603:in `call'
actionpack (7.0.6) lib/action_dispatch/middleware/callbacks.rb:27:in `block in call'
activesupport (7.0.6) lib/active_support/callbacks.rb:99:in `run_callbacks'
actionpack (7.0.6) lib/action_dispatch/middleware/callbacks.rb:26:in `call'
actionpack (7.0.6) lib/action_dispatch/middleware/executor.rb:14:in `call'
actionpack (7.0.6) lib/action_dispatch/middleware/actionable_exceptions.rb:17:in `call'
actionpack (7.0.6) lib/action_dispatch/middleware/debug_exceptions.rb:28:in `call'
actionpack (7.0.6) lib/action_dispatch/middleware/show_exceptions.rb:29:in `call'
railties (7.0.6) lib/rails/rack/logger.rb:40:in `call_app'
railties (7.0.6) lib/rails/rack/logger.rb:25:in `block in call'
activesupport (7.0.6) lib/active_support/tagged_logging.rb:99:in `block in tagged'
activesupport (7.0.6) lib/active_support/tagged_logging.rb:37:in `tagged'
activesupport (7.0.6) lib/active_support/tagged_logging.rb:99:in `tagged'
railties (7.0.6) lib/rails/rack/logger.rb:25:in `call'
actionpack (7.0.6) lib/action_dispatch/middleware/remote_ip.rb:93:in `call'
actionpack (7.0.6) lib/action_dispatch/middleware/request_id.rb:26:in `call'
rack (2.2.7) lib/rack/runtime.rb:22:in `call'
activesupport (7.0.6) lib/active_support/cache/strategy/local_cache_middleware.rb:29:in `call'
actionpack (7.0.6) lib/action_dispatch/middleware/server_timing.rb:61:in `block in call'
actionpack (7.0.6) lib/action_dispatch/middleware/server_timing.rb:26:in `collect_events'
actionpack (7.0.6) lib/action_dispatch/middleware/server_timing.rb:60:in `call'
actionpack (7.0.6) lib/action_dispatch/middleware/executor.rb:14:in `call'
actionpack (7.0.6) lib/action_dispatch/middleware/static.rb:23:in `call'
rack (2.2.7) lib/rack/sendfile.rb:110:in `call'
actionpack (7.0.6) lib/action_dispatch/middleware/host_authorization.rb:137:in `call'
rack-cors (2.0.1) lib/rack/cors.rb:102:in `call'
railties (7.0.6) lib/rails/engine.rb:530:in `call'
puma (5.6.6) lib/puma/configuration.rb:252:in `call'
puma (5.6.6) lib/puma/request.rb:77:in `block in handle_request'
puma (5.6.6) lib/puma/thread_pool.rb:340:in `with_force_shutdown'
puma (5.6.6) lib/puma/request.rb:76:in `handle_request'
puma (5.6.6) lib/puma/server.rb:443:in `process_client'
puma (5.6.6) lib/puma/thread_pool.rb:147:in `block in spawn_thread'
Started GET "/" for 172.28.0.1 at 2023-07-23 00:43:27 +0000
  [1m[36mActiveRecord::SchemaMigration Pluck (19.6ms)[0m  [1m[34mSELECT `schema_migrations`.`version` FROM `schema_migrations` ORDER BY `schema_migrations`.`version` ASC[0m
Processing by Rails::WelcomeController#index as HTML
  Rendering /usr/local/bundle/gems/railties-7.0.6/lib/rails/templates/rails/welcome/index.html.erb
  Rendered /usr/local/bundle/gems/railties-7.0.6/lib/rails/templates/rails/welcome/index.html.erb (Duration: 23.5ms | Allocations: 631)
Completed 200 OK in 1335ms (Views: 109.9ms | ActiveRecord: 0.0ms | Allocations: 16363)


Started POST "/api/v1/auth" for 172.28.0.1 at 2023-07-23 00:44:23 +0000
Processing by Api::V1::Auth::RegistrationsController#create as */*
  Parameters: {"email"=>"test@example.com", "password"=>"[FILTERED]", "password_confirmation"=>"[FILTERED]", "registration"=>{"email"=>"test@example.com", "password"=>"[FILTERED]", "password_confirmation"=>"[FILTERED]"}}
[31mUnpermitted parameter: :registration. Context: { controller: Api::V1::Auth::RegistrationsController, action: create, request: #<ActionDispatch::Request:0x00007f58f37ce9c8>, params: {"email"=>"test@example.com", "password"=>"[FILTERED]", "password_confirmation"=>"[FILTERED]", "controller"=>"api/v1/auth/registrations", "action"=>"create", "registration"=>{"email"=>"test@example.com", "password"=>"[FILTERED]", "password_confirmation"=>"[FILTERED]"}} }[0m
[31mUnpermitted parameter: :registration. Context: { controller: Api::V1::Auth::RegistrationsController, action: create, request: #<ActionDispatch::Request:0x00007f58f37ce9c8>, params: {"email"=>"test@example.com", "password"=>"[FILTERED]", "password_confirmation"=>"[FILTERED]", "controller"=>"api/v1/auth/registrations", "action"=>"create", "registration"=>{"email"=>"test@example.com", "password"=>"[FILTERED]", "password_confirmation"=>"[FILTERED]"}} }[0m
[31mUnpermitted parameter: :registration. Context: { controller: Api::V1::Auth::RegistrationsController, action: create, request: #<ActionDispatch::Request:0x00007f58f37ce9c8>, params: {"email"=>"test@example.com", "password"=>"[FILTERED]", "password_confirmation"=>"[FILTERED]", "controller"=>"api/v1/auth/registrations", "action"=>"create", "registration"=>{"email"=>"test@example.com", "password"=>"[FILTERED]", "password_confirmation"=>"[FILTERED]"}} }[0m
  [1m[36mTRANSACTION (0.5ms)[0m  [1m[35mBEGIN[0m
  [1m[36mUser Exists? (4.0ms)[0m  [1m[34mSELECT 1 AS one FROM `users` WHERE `users`.`email` = 'test@example.com' AND `users`.`provider` = 'email' LIMIT 1[0m
  [1m[36mUser Create (7.0ms)[0m  [1m[32mINSERT INTO `users` (`provider`, `uid`, `encrypted_password`, `reset_password_token`, `reset_password_sent_at`, `allow_password_change`, `remember_created_at`, `confirmation_token`, `confirmed_at`, `confirmation_sent_at`, `unconfirmed_email`, `name`, `nickname`, `image`, `email`, `tokens`, `created_at`, `updated_at`) VALUES ('email', 'test@example.com', '$2a$12$/9SVBImMHsBLonVJfZyW6uCSGqmvA418ytRNeWv7fsiR1yWj1yJIa', NULL, NULL, FALSE, NULL, NULL, NULL, NULL, NULL, NULL, NULL, NULL, 'test@example.com', NULL, '2023-07-23 00:44:23.627524', '2023-07-23 00:44:23.627524')[0m
  [1m[36mTRANSACTION (5.8ms)[0m  [1m[35mCOMMIT[0m
  [1m[36mTRANSACTION (0.4ms)[0m  [1m[35mBEGIN[0m
  [1m[36mUser Update (7.0ms)[0m  [1m[33mUPDATE `users` SET `users`.`tokens` = '{\"9kVIXsUlYAt8KMUSXq9LVg\":{\"token\":\"$2a$10$LEoL9t9QF0OjTMgwhsAJK.KronjplRGaetRnVpvawIFMnzIJLJLMC\",\"expiry\":1691282663}}', `users`.`updated_at` = '2023-07-23 00:44:23.741450' WHERE `users`.`id` = 1[0m
  [1m[36mTRANSACTION (4.8ms)[0m  [1m[35mCOMMIT[0m
  [1m[36mUser Load (0.7ms)[0m  [1m[34mSELECT `users`.* FROM `users` WHERE `users`.`id` = 1 LIMIT 1[0m
  [1m[36mTRANSACTION (0.4ms)[0m  [1m[35mBEGIN[0m
  [1m[36mUser Load (1.5ms)[0m  [1m[37mSELECT `users`.* FROM `users` WHERE `users`.`id` = 1 LIMIT 1 FOR UPDATE[0m
  [1m[36mUser Update (0.7ms)[0m  [1m[33mUPDATE `users` SET `users`.`tokens` = '{\"9kVIXsUlYAt8KMUSXq9LVg\":{\"token\":\"$2a$10$GsuKCEyq3tiEYEBTo8u1keLf3zADFAxqJ5Sj2PBt3CNY9PqpQGnLu\",\"expiry\":1691282663,\"previous_token\":\"$2a$10$LEoL9t9QF0OjTMgwhsAJK.KronjplRGaetRnVpvawIFMnzIJLJLMC\",\"updated_at\":\"2023-07-23T00:44:23Z\"}}', `users`.`updated_at` = '2023-07-23 00:44:23.850370' WHERE `users`.`id` = 1[0m
  [1m[36mTRANSACTION (4.9ms)[0m  [1m[35mCOMMIT[0m
Completed 200 OK in 600ms (Views: 0.4ms | ActiveRecord: 50.8ms | Allocations: 28117)


  
NoMethodError (undefined method `downcase' for nil:NilClass):
  
rack (2.2.7) lib/rack/utils.rb:476:in `[]='
rack (2.2.7) lib/rack/utils.rb:444:in `block in initialize'
rack (2.2.7) lib/rack/utils.rb:444:in `each'
rack (2.2.7) lib/rack/utils.rb:444:in `initialize'
rack (2.2.7) lib/rack/utils.rb:437:in `new'
rack (2.2.7) lib/rack/utils.rb:437:in `[]'
rack (2.2.7) lib/rack/etag.rb:29:in `call'
rack (2.2.7) lib/rack/conditional_get.rb:40:in `call'
rack (2.2.7) lib/rack/head.rb:12:in `call'
activerecord (7.0.6) lib/active_record/migration.rb:603:in `call'
actionpack (7.0.6) lib/action_dispatch/middleware/callbacks.rb:27:in `block in call'
activesupport (7.0.6) lib/active_support/callbacks.rb:99:in `run_callbacks'
actionpack (7.0.6) lib/action_dispatch/middleware/callbacks.rb:26:in `call'
actionpack (7.0.6) lib/action_dispatch/middleware/executor.rb:14:in `call'
actionpack (7.0.6) lib/action_dispatch/middleware/actionable_exceptions.rb:17:in `call'
actionpack (7.0.6) lib/action_dispatch/middleware/debug_exceptions.rb:28:in `call'
actionpack (7.0.6) lib/action_dispatch/middleware/show_exceptions.rb:29:in `call'
railties (7.0.6) lib/rails/rack/logger.rb:40:in `call_app'
railties (7.0.6) lib/rails/rack/logger.rb:25:in `block in call'
activesupport (7.0.6) lib/active_support/tagged_logging.rb:99:in `block in tagged'
activesupport (7.0.6) lib/active_support/tagged_logging.rb:37:in `tagged'
activesupport (7.0.6) lib/active_support/tagged_logging.rb:99:in `tagged'
railties (7.0.6) lib/rails/rack/logger.rb:25:in `call'
actionpack (7.0.6) lib/action_dispatch/middleware/remote_ip.rb:93:in `call'
actionpack (7.0.6) lib/action_dispatch/middleware/request_id.rb:26:in `call'
rack (2.2.7) lib/rack/runtime.rb:22:in `call'
activesupport (7.0.6) lib/active_support/cache/strategy/local_cache_middleware.rb:29:in `call'
actionpack (7.0.6) lib/action_dispatch/middleware/server_timing.rb:61:in `block in call'
actionpack (7.0.6) lib/action_dispatch/middleware/server_timing.rb:26:in `collect_events'
actionpack (7.0.6) lib/action_dispatch/middleware/server_timing.rb:60:in `call'
actionpack (7.0.6) lib/action_dispatch/middleware/executor.rb:14:in `call'
actionpack (7.0.6) lib/action_dispatch/middleware/static.rb:23:in `call'
rack (2.2.7) lib/rack/sendfile.rb:110:in `call'
actionpack (7.0.6) lib/action_dispatch/middleware/host_authorization.rb:137:in `call'
rack-cors (2.0.1) lib/rack/cors.rb:102:in `call'
railties (7.0.6) lib/rails/engine.rb:530:in `call'
puma (5.6.6) lib/puma/configuration.rb:252:in `call'
puma (5.6.6) lib/puma/request.rb:77:in `block in handle_request'
puma (5.6.6) lib/puma/thread_pool.rb:340:in `with_force_shutdown'
puma (5.6.6) lib/puma/request.rb:76:in `handle_request'
puma (5.6.6) lib/puma/server.rb:443:in `process_client'
puma (5.6.6) lib/puma/thread_pool.rb:147:in `block in spawn_thread'
  [1m[36mUser Load (0.8ms)[0m  [1m[34mSELECT `users`.* FROM `users` ORDER BY `users`.`id` ASC LIMIT 1[0m
Started POST "/api/v1/auth" for 172.28.0.1 at 2023-07-23 00:46:05 +0000
Error occurred while parsing request parameters.
Contents:

{
  "name":"test1"
  "email":"test1@example.com"
  "password":"password"
  "password_confirmation":"password"
}
Processing by Api::V1::Auth::RegistrationsController#create as */*
Completed 400 Bad Request in 2ms (ActiveRecord: 0.0ms | Allocations: 140)


  
ActionDispatch::Http::Parameters::ParseError (Error occurred while parsing request parameters):
  
app/controllers/api/v1/auth/registrations_controller.rb:5:in `sign_up_params'
Started POST "/api/v1/auth" for 172.28.0.1 at 2023-07-23 00:47:59 +0000
Processing by Api::V1::Auth::RegistrationsController#create as */*
  Parameters: {"email"=>"test@example.com", "password"=>"[FILTERED]", "password_confirmation"=>"[FILTERED]", "registration"=>{"email"=>"test@example.com", "password"=>"[FILTERED]", "password_confirmation"=>"[FILTERED]"}}
[31mUnpermitted parameter: :registration. Context: { controller: Api::V1::Auth::RegistrationsController, action: create, request: #<ActionDispatch::Request:0x00007f58f0e07e50>, params: {"email"=>"test@example.com", "password"=>"[FILTERED]", "password_confirmation"=>"[FILTERED]", "controller"=>"api/v1/auth/registrations", "action"=>"create", "registration"=>{"email"=>"test@example.com", "password"=>"[FILTERED]", "password_confirmation"=>"[FILTERED]"}} }[0m
[31mUnpermitted parameter: :registration. Context: { controller: Api::V1::Auth::RegistrationsController, action: create, request: #<ActionDispatch::Request:0x00007f58f0e07e50>, params: {"email"=>"test@example.com", "password"=>"[FILTERED]", "password_confirmation"=>"[FILTERED]", "controller"=>"api/v1/auth/registrations", "action"=>"create", "registration"=>{"email"=>"test@example.com", "password"=>"[FILTERED]", "password_confirmation"=>"[FILTERED]"}} }[0m
[31mUnpermitted parameter: :registration. Context: { controller: Api::V1::Auth::RegistrationsController, action: create, request: #<ActionDispatch::Request:0x00007f58f0e07e50>, params: {"email"=>"test@example.com", "password"=>"[FILTERED]", "password_confirmation"=>"[FILTERED]", "controller"=>"api/v1/auth/registrations", "action"=>"create", "registration"=>{"email"=>"test@example.com", "password"=>"[FILTERED]", "password_confirmation"=>"[FILTERED]"}} }[0m
  [1m[36mTRANSACTION (0.7ms)[0m  [1m[35mBEGIN[0m
  [1m[36mUser Exists? (3.0ms)[0m  [1m[34mSELECT 1 AS one FROM `users` WHERE `users`.`email` = 'test@example.com' AND `users`.`provider` = 'email' LIMIT 1[0m
  [1m[36mTRANSACTION (1.8ms)[0m  [1m[31mROLLBACK[0m
Completed 422 Unprocessable Entity in 349ms (Views: 0.4ms | ActiveRecord: 5.5ms | Allocations: 4635)


Started POST "/api/v1/auth" for 172.28.0.1 at 2023-07-23 00:48:44 +0000
Error occurred while parsing request parameters.
Contents:

{
  "name":"kevin"
  "email":"test1@example.com", 
  "password":"password", 
  "password_confirmation": "password"
}
Processing by Api::V1::Auth::RegistrationsController#create as */*
Completed 400 Bad Request in 1ms (ActiveRecord: 0.0ms | Allocations: 113)


  
ActionDispatch::Http::Parameters::ParseError (Error occurred while parsing request parameters):
  
app/controllers/api/v1/auth/registrations_controller.rb:5:in `sign_up_params'
Started POST "/api/v1/auth" for 172.28.0.1 at 2023-07-23 00:48:50 +0000
Processing by Api::V1::Auth::RegistrationsController#create as */*
  Parameters: {"name"=>"kevin", "email"=>"test1@example.com", "password"=>"[FILTERED]", "password_confirmation"=>"[FILTERED]", "registration"=>{"name"=>"kevin", "email"=>"test1@example.com", "password"=>"[FILTERED]", "password_confirmation"=>"[FILTERED]"}}
[31mUnpermitted parameter: :registration. Context: { controller: Api::V1::Auth::RegistrationsController, action: create, request: #<ActionDispatch::Request:0x00007f58f0e54e30>, params: {"name"=>"kevin", "email"=>"test1@example.com", "password"=>"[FILTERED]", "password_confirmation"=>"[FILTERED]", "controller"=>"api/v1/auth/registrations", "action"=>"create", "registration"=>{"name"=>"kevin", "email"=>"test1@example.com", "password"=>"[FILTERED]", "password_confirmation"=>"[FILTERED]"}} }[0m
[31mUnpermitted parameter: :registration. Context: { controller: Api::V1::Auth::RegistrationsController, action: create, request: #<ActionDispatch::Request:0x00007f58f0e54e30>, params: {"name"=>"kevin", "email"=>"test1@example.com", "password"=>"[FILTERED]", "password_confirmation"=>"[FILTERED]", "controller"=>"api/v1/auth/registrations", "action"=>"create", "registration"=>{"name"=>"kevin", "email"=>"test1@example.com", "password"=>"[FILTERED]", "password_confirmation"=>"[FILTERED]"}} }[0m
[31mUnpermitted parameter: :registration. Context: { controller: Api::V1::Auth::RegistrationsController, action: create, request: #<ActionDispatch::Request:0x00007f58f0e54e30>, params: {"name"=>"kevin", "email"=>"test1@example.com", "password"=>"[FILTERED]", "password_confirmation"=>"[FILTERED]", "controller"=>"api/v1/auth/registrations", "action"=>"create", "registration"=>{"name"=>"kevin", "email"=>"test1@example.com", "password"=>"[FILTERED]", "password_confirmation"=>"[FILTERED]"}} }[0m
  [1m[36mTRANSACTION (0.5ms)[0m  [1m[35mBEGIN[0m
  [1m[36mUser Exists? (0.9ms)[0m  [1m[34mSELECT 1 AS one FROM `users` WHERE `users`.`email` = 'test1@example.com' AND `users`.`provider` = 'email' LIMIT 1[0m
  [1m[36mUser Create (1.1ms)[0m  [1m[32mINSERT INTO `users` (`provider`, `uid`, `encrypted_password`, `reset_password_token`, `reset_password_sent_at`, `allow_password_change`, `remember_created_at`, `confirmation_token`, `confirmed_at`, `confirmation_sent_at`, `unconfirmed_email`, `name`, `nickname`, `image`, `email`, `tokens`, `created_at`, `updated_at`) VALUES ('email', 'test1@example.com', '$2a$12$Xq40q/gHKXEiiZluIazDGu.iz0m.Qa6PG0I57Zl7mxEHGdpnXKfp2', NULL, NULL, FALSE, NULL, NULL, NULL, NULL, NULL, 'kevin', NULL, NULL, 'test1@example.com', NULL, '2023-07-23 00:48:50.983990', '2023-07-23 00:48:50.983990')[0m
  [1m[36mTRANSACTION (11.5ms)[0m  [1m[35mCOMMIT[0m
  [1m[36mTRANSACTION (0.3ms)[0m  [1m[35mBEGIN[0m
  [1m[36mUser Update (0.8ms)[0m  [1m[33mUPDATE `users` SET `users`.`tokens` = '{\"kM2u53_bScIUchL-T1EizA\":{\"token\":\"$2a$10$hW/UzVjg81ahAaihB3DNeO2glx5gbax3IRhNRtp5PnrVyquibneVy\",\"expiry\":1691282931}}', `users`.`updated_at` = '2023-07-23 00:48:51.083754' WHERE `users`.`id` = 2[0m
  [1m[36mTRANSACTION (12.0ms)[0m  [1m[35mCOMMIT[0m
  [1m[36mUser Load (0.9ms)[0m  [1m[34mSELECT `users`.* FROM `users` WHERE `users`.`id` = 2 LIMIT 1[0m
  [1m[36mTRANSACTION (0.4ms)[0m  [1m[35mBEGIN[0m
  [1m[36mUser Load (0.9ms)[0m  [1m[37mSELECT `users`.* FROM `users` WHERE `users`.`id` = 2 LIMIT 1 FOR UPDATE[0m
  [1m[36mUser Update (0.7ms)[0m  [1m[33mUPDATE `users` SET `users`.`tokens` = '{\"kM2u53_bScIUchL-T1EizA\":{\"token\":\"$2a$10$41SaxR5kULgQmQ6Xytmy/eIqO3QTF4p6.KXRlkQKh4HqEuHYPmYbW\",\"expiry\":1691282931,\"previous_token\":\"$2a$10$hW/UzVjg81ahAaihB3DNeO2glx5gbax3IRhNRtp5PnrVyquibneVy\",\"updated_at\":\"2023-07-23T00:48:51Z\"}}', `users`.`updated_at` = '2023-07-23 00:48:51.204473' WHERE `users`.`id` = 2[0m
  [1m[36mTRANSACTION (7.0ms)[0m  [1m[35mCOMMIT[0m
Completed 200 OK in 592ms (Views: 0.3ms | ActiveRecord: 36.9ms | Allocations: 13082)


  
NoMethodError (undefined method `downcase' for nil:NilClass):
  
rack (2.2.7) lib/rack/utils.rb:476:in `[]='
rack (2.2.7) lib/rack/utils.rb:444:in `block in initialize'
rack (2.2.7) lib/rack/utils.rb:444:in `each'
rack (2.2.7) lib/rack/utils.rb:444:in `initialize'
rack (2.2.7) lib/rack/utils.rb:437:in `new'
rack (2.2.7) lib/rack/utils.rb:437:in `[]'
rack (2.2.7) lib/rack/etag.rb:29:in `call'
rack (2.2.7) lib/rack/conditional_get.rb:40:in `call'
rack (2.2.7) lib/rack/head.rb:12:in `call'
activerecord (7.0.6) lib/active_record/migration.rb:603:in `call'
actionpack (7.0.6) lib/action_dispatch/middleware/callbacks.rb:27:in `block in call'
activesupport (7.0.6) lib/active_support/callbacks.rb:99:in `run_callbacks'
actionpack (7.0.6) lib/action_dispatch/middleware/callbacks.rb:26:in `call'
actionpack (7.0.6) lib/action_dispatch/middleware/executor.rb:14:in `call'
actionpack (7.0.6) lib/action_dispatch/middleware/actionable_exceptions.rb:17:in `call'
actionpack (7.0.6) lib/action_dispatch/middleware/debug_exceptions.rb:28:in `call'
actionpack (7.0.6) lib/action_dispatch/middleware/show_exceptions.rb:29:in `call'
railties (7.0.6) lib/rails/rack/logger.rb:40:in `call_app'
railties (7.0.6) lib/rails/rack/logger.rb:25:in `block in call'
activesupport (7.0.6) lib/active_support/tagged_logging.rb:99:in `block in tagged'
activesupport (7.0.6) lib/active_support/tagged_logging.rb:37:in `tagged'
activesupport (7.0.6) lib/active_support/tagged_logging.rb:99:in `tagged'
railties (7.0.6) lib/rails/rack/logger.rb:25:in `call'
actionpack (7.0.6) lib/action_dispatch/middleware/remote_ip.rb:93:in `call'
actionpack (7.0.6) lib/action_dispatch/middleware/request_id.rb:26:in `call'
rack (2.2.7) lib/rack/runtime.rb:22:in `call'
activesupport (7.0.6) lib/active_support/cache/strategy/local_cache_middleware.rb:29:in `call'
actionpack (7.0.6) lib/action_dispatch/middleware/server_timing.rb:61:in `block in call'
actionpack (7.0.6) lib/action_dispatch/middleware/server_timing.rb:26:in `collect_events'
actionpack (7.0.6) lib/action_dispatch/middleware/server_timing.rb:60:in `call'
actionpack (7.0.6) lib/action_dispatch/middleware/executor.rb:14:in `call'
actionpack (7.0.6) lib/action_dispatch/middleware/static.rb:23:in `call'
rack (2.2.7) lib/rack/sendfile.rb:110:in `call'
actionpack (7.0.6) lib/action_dispatch/middleware/host_authorization.rb:137:in `call'
rack-cors (2.0.1) lib/rack/cors.rb:102:in `call'
railties (7.0.6) lib/rails/engine.rb:530:in `call'
puma (5.6.6) lib/puma/configuration.rb:252:in `call'
puma (5.6.6) lib/puma/request.rb:77:in `block in handle_request'
puma (5.6.6) lib/puma/thread_pool.rb:340:in `with_force_shutdown'
puma (5.6.6) lib/puma/request.rb:76:in `handle_request'
puma (5.6.6) lib/puma/server.rb:443:in `process_client'
puma (5.6.6) lib/puma/thread_pool.rb:147:in `block in spawn_thread'
Started POST "/api/v1/auth" for 172.28.0.1 at 2023-07-23 00:48:57 +0000
Processing by Api::V1::Auth::RegistrationsController#create as */*
  Parameters: {"name"=>"kevin", "email"=>"test0@example.com", "password"=>"[FILTERED]", "password_confirmation"=>"[FILTERED]", "registration"=>{"name"=>"kevin", "email"=>"test0@example.com", "password"=>"[FILTERED]", "password_confirmation"=>"[FILTERED]"}}
[31mUnpermitted parameter: :registration. Context: { controller: Api::V1::Auth::RegistrationsController, action: create, request: #<ActionDispatch::Request:0x00007f58f37678b8>, params: {"name"=>"kevin", "email"=>"test0@example.com", "password"=>"[FILTERED]", "password_confirmation"=>"[FILTERED]", "controller"=>"api/v1/auth/registrations", "action"=>"create", "registration"=>{"name"=>"kevin", "email"=>"test0@example.com", "password"=>"[FILTERED]", "password_confirmation"=>"[FILTERED]"}} }[0m
[31mUnpermitted parameter: :registration. Context: { controller: Api::V1::Auth::RegistrationsController, action: create, request: #<ActionDispatch::Request:0x00007f58f37678b8>, params: {"name"=>"kevin", "email"=>"test0@example.com", "password"=>"[FILTERED]", "password_confirmation"=>"[FILTERED]", "controller"=>"api/v1/auth/registrations", "action"=>"create", "registration"=>{"name"=>"kevin", "email"=>"test0@example.com", "password"=>"[FILTERED]", "password_confirmation"=>"[FILTERED]"}} }[0m
[31mUnpermitted parameter: :registration. Context: { controller: Api::V1::Auth::RegistrationsController, action: create, request: #<ActionDispatch::Request:0x00007f58f37678b8>, params: {"name"=>"kevin", "email"=>"test0@example.com", "password"=>"[FILTERED]", "password_confirmation"=>"[FILTERED]", "controller"=>"api/v1/auth/registrations", "action"=>"create", "registration"=>{"name"=>"kevin", "email"=>"test0@example.com", "password"=>"[FILTERED]", "password_confirmation"=>"[FILTERED]"}} }[0m
  [1m[36mTRANSACTION (0.3ms)[0m  [1m[35mBEGIN[0m
  [1m[36mUser Exists? (0.6ms)[0m  [1m[34mSELECT 1 AS one FROM `users` WHERE `users`.`email` = 'test0@example.com' AND `users`.`provider` = 'email' LIMIT 1[0m
  [1m[36mUser Create (0.9ms)[0m  [1m[32mINSERT INTO `users` (`provider`, `uid`, `encrypted_password`, `reset_password_token`, `reset_password_sent_at`, `allow_password_change`, `remember_created_at`, `confirmation_token`, `confirmed_at`, `confirmation_sent_at`, `unconfirmed_email`, `name`, `nickname`, `image`, `email`, `tokens`, `created_at`, `updated_at`) VALUES ('email', 'test0@example.com', '$2a$12$uAgA5U5JN5CCmQKSiqB/VOs6.mstMPHO6pYJaJa6RcF7X7ny2TqmC', NULL, NULL, FALSE, NULL, NULL, NULL, NULL, NULL, 'kevin', NULL, NULL, 'test0@example.com', NULL, '2023-07-23 00:48:58.379043', '2023-07-23 00:48:58.379043')[0m
  [1m[36mTRANSACTION (7.5ms)[0m  [1m[35mCOMMIT[0m
  [1m[36mTRANSACTION (0.4ms)[0m  [1m[35mBEGIN[0m
  [1m[36mUser Update (2.3ms)[0m  [1m[33mUPDATE `users` SET `users`.`tokens` = '{\"-WbU6nd6DLGCZuBgFyjgLA\":{\"token\":\"$2a$10$cfglX6PPEQADFRFYVMAqtuT8HL81mA8NcbxwCuDyFhMih49JupvI2\",\"expiry\":1691282938}}', `users`.`updated_at` = '2023-07-23 00:48:58.465646' WHERE `users`.`id` = 3[0m
  [1m[36mTRANSACTION (12.0ms)[0m  [1m[35mCOMMIT[0m
  [1m[36mUser Load (1.2ms)[0m  [1m[34mSELECT `users`.* FROM `users` WHERE `users`.`id` = 3 LIMIT 1[0m
  [1m[36mTRANSACTION (0.6ms)[0m  [1m[35mBEGIN[0m
  [1m[36mUser Load (1.1ms)[0m  [1m[37mSELECT `users`.* FROM `users` WHERE `users`.`id` = 3 LIMIT 1 FOR UPDATE[0m
  [1m[36mUser Update (3.2ms)[0m  [1m[33mUPDATE `users` SET `users`.`tokens` = '{\"-WbU6nd6DLGCZuBgFyjgLA\":{\"token\":\"$2a$10$oH2TjWOUDAqeWM8o6n891em0ETuWeW/vx8SAJsXucDdWWsqxsUTnK\",\"expiry\":1691282938,\"previous_token\":\"$2a$10$cfglX6PPEQADFRFYVMAqtuT8HL81mA8NcbxwCuDyFhMih49JupvI2\",\"updated_at\":\"2023-07-23T00:48:58Z\"}}', `users`.`updated_at` = '2023-07-23 00:48:58.610033' WHERE `users`.`id` = 3[0m
  [1m[36mTRANSACTION (6.6ms)[0m  [1m[35mCOMMIT[0m
Completed 200 OK in 616ms (Views: 0.3ms | ActiveRecord: 36.7ms | Allocations: 13067)


  
NoMethodError (undefined method `downcase' for nil:NilClass):
  
rack (2.2.7) lib/rack/utils.rb:476:in `[]='
rack (2.2.7) lib/rack/utils.rb:444:in `block in initialize'
rack (2.2.7) lib/rack/utils.rb:444:in `each'
rack (2.2.7) lib/rack/utils.rb:444:in `initialize'
rack (2.2.7) lib/rack/utils.rb:437:in `new'
rack (2.2.7) lib/rack/utils.rb:437:in `[]'
rack (2.2.7) lib/rack/etag.rb:29:in `call'
rack (2.2.7) lib/rack/conditional_get.rb:40:in `call'
rack (2.2.7) lib/rack/head.rb:12:in `call'
activerecord (7.0.6) lib/active_record/migration.rb:603:in `call'
actionpack (7.0.6) lib/action_dispatch/middleware/callbacks.rb:27:in `block in call'
activesupport (7.0.6) lib/active_support/callbacks.rb:99:in `run_callbacks'
actionpack (7.0.6) lib/action_dispatch/middleware/callbacks.rb:26:in `call'
actionpack (7.0.6) lib/action_dispatch/middleware/executor.rb:14:in `call'
actionpack (7.0.6) lib/action_dispatch/middleware/actionable_exceptions.rb:17:in `call'
actionpack (7.0.6) lib/action_dispatch/middleware/debug_exceptions.rb:28:in `call'
actionpack (7.0.6) lib/action_dispatch/middleware/show_exceptions.rb:29:in `call'
railties (7.0.6) lib/rails/rack/logger.rb:40:in `call_app'
railties (7.0.6) lib/rails/rack/logger.rb:25:in `block in call'
activesupport (7.0.6) lib/active_support/tagged_logging.rb:99:in `block in tagged'
activesupport (7.0.6) lib/active_support/tagged_logging.rb:37:in `tagged'
activesupport (7.0.6) lib/active_support/tagged_logging.rb:99:in `tagged'
railties (7.0.6) lib/rails/rack/logger.rb:25:in `call'
actionpack (7.0.6) lib/action_dispatch/middleware/remote_ip.rb:93:in `call'
actionpack (7.0.6) lib/action_dispatch/middleware/request_id.rb:26:in `call'
rack (2.2.7) lib/rack/runtime.rb:22:in `call'
activesupport (7.0.6) lib/active_support/cache/strategy/local_cache_middleware.rb:29:in `call'
actionpack (7.0.6) lib/action_dispatch/middleware/server_timing.rb:61:in `block in call'
actionpack (7.0.6) lib/action_dispatch/middleware/server_timing.rb:26:in `collect_events'
actionpack (7.0.6) lib/action_dispatch/middleware/server_timing.rb:60:in `call'
actionpack (7.0.6) lib/action_dispatch/middleware/executor.rb:14:in `call'
actionpack (7.0.6) lib/action_dispatch/middleware/static.rb:23:in `call'
rack (2.2.7) lib/rack/sendfile.rb:110:in `call'
actionpack (7.0.6) lib/action_dispatch/middleware/host_authorization.rb:137:in `call'
rack-cors (2.0.1) lib/rack/cors.rb:102:in `call'
railties (7.0.6) lib/rails/engine.rb:530:in `call'
puma (5.6.6) lib/puma/configuration.rb:252:in `call'
puma (5.6.6) lib/puma/request.rb:77:in `block in handle_request'
puma (5.6.6) lib/puma/thread_pool.rb:340:in `with_force_shutdown'
puma (5.6.6) lib/puma/request.rb:76:in `handle_request'
puma (5.6.6) lib/puma/server.rb:443:in `process_client'
puma (5.6.6) lib/puma/thread_pool.rb:147:in `block in spawn_thread'
  [1m[36mUser Load (0.5ms)[0m  [1m[34mSELECT `users`.* FROM `users` ORDER BY `users`.`id` ASC LIMIT 1 OFFSET 1[0m
  [1m[36mUser Load (1.2ms)[0m  [1m[34mSELECT `users`.* FROM `users` ORDER BY `users`.`id` ASC LIMIT 1 OFFSET 2[0m
Started POST "/api/v1/auth" for 172.28.0.1 at 2023-07-23 00:58:33 +0000
Processing by Api::V1::Auth::RegistrationsController#create as */*
  Parameters: {"name"=>"kevin", "email"=>"test0@example.com", "password"=>"[FILTERED]", "password_confirmation"=>"[FILTERED]", "registration"=>{"name"=>"kevin", "email"=>"test0@example.com", "password"=>"[FILTERED]", "password_confirmation"=>"[FILTERED]"}}
[31mUnpermitted parameter: :registration. Context: { controller: Api::V1::Auth::RegistrationsController, action: create, request: #<ActionDispatch::Request:0x00007f58f0e2a5b8>, params: {"name"=>"kevin", "email"=>"test0@example.com", "password"=>"[FILTERED]", "password_confirmation"=>"[FILTERED]", "controller"=>"api/v1/auth/registrations", "action"=>"create", "registration"=>{"name"=>"kevin", "email"=>"test0@example.com", "password"=>"[FILTERED]", "password_confirmation"=>"[FILTERED]"}} }[0m
[31mUnpermitted parameter: :registration. Context: { controller: Api::V1::Auth::RegistrationsController, action: create, request: #<ActionDispatch::Request:0x00007f58f0e2a5b8>, params: {"name"=>"kevin", "email"=>"test0@example.com", "password"=>"[FILTERED]", "password_confirmation"=>"[FILTERED]", "controller"=>"api/v1/auth/registrations", "action"=>"create", "registration"=>{"name"=>"kevin", "email"=>"test0@example.com", "password"=>"[FILTERED]", "password_confirmation"=>"[FILTERED]"}} }[0m
[31mUnpermitted parameter: :registration. Context: { controller: Api::V1::Auth::RegistrationsController, action: create, request: #<ActionDispatch::Request:0x00007f58f0e2a5b8>, params: {"name"=>"kevin", "email"=>"test0@example.com", "password"=>"[FILTERED]", "password_confirmation"=>"[FILTERED]", "controller"=>"api/v1/auth/registrations", "action"=>"create", "registration"=>{"name"=>"kevin", "email"=>"test0@example.com", "password"=>"[FILTERED]", "password_confirmation"=>"[FILTERED]"}} }[0m
  [1m[36mTRANSACTION (0.6ms)[0m  [1m[35mBEGIN[0m
  [1m[36mUser Exists? (5.5ms)[0m  [1m[34mSELECT 1 AS one FROM `users` WHERE `users`.`email` = 'test0@example.com' AND `users`.`provider` = 'email' LIMIT 1[0m
  [1m[36mTRANSACTION (1.4ms)[0m  [1m[31mROLLBACK[0m
Completed 422 Unprocessable Entity in 372ms (Views: 0.5ms | ActiveRecord: 8.4ms | Allocations: 4515)


Started POST "/api/v1/auth" for 172.28.0.1 at 2023-07-23 00:58:39 +0000
Processing by Api::V1::Auth::RegistrationsController#create as */*
  Parameters: {"name"=>"kevin", "email"=>"test11@example.com", "password"=>"[FILTERED]", "password_confirmation"=>"[FILTERED]", "registration"=>{"name"=>"kevin", "email"=>"test11@example.com", "password"=>"[FILTERED]", "password_confirmation"=>"[FILTERED]"}}
[31mUnpermitted parameter: :registration. Context: { controller: Api::V1::Auth::RegistrationsController, action: create, request: #<ActionDispatch::Request:0x00007f58f3762598>, params: {"name"=>"kevin", "email"=>"test11@example.com", "password"=>"[FILTERED]", "password_confirmation"=>"[FILTERED]", "controller"=>"api/v1/auth/registrations", "action"=>"create", "registration"=>{"name"=>"kevin", "email"=>"test11@example.com", "password"=>"[FILTERED]", "password_confirmation"=>"[FILTERED]"}} }[0m
[31mUnpermitted parameter: :registration. Context: { controller: Api::V1::Auth::RegistrationsController, action: create, request: #<ActionDispatch::Request:0x00007f58f3762598>, params: {"name"=>"kevin", "email"=>"test11@example.com", "password"=>"[FILTERED]", "password_confirmation"=>"[FILTERED]", "controller"=>"api/v1/auth/registrations", "action"=>"create", "registration"=>{"name"=>"kevin", "email"=>"test11@example.com", "password"=>"[FILTERED]", "password_confirmation"=>"[FILTERED]"}} }[0m
[31mUnpermitted parameter: :registration. Context: { controller: Api::V1::Auth::RegistrationsController, action: create, request: #<ActionDispatch::Request:0x00007f58f3762598>, params: {"name"=>"kevin", "email"=>"test11@example.com", "password"=>"[FILTERED]", "password_confirmation"=>"[FILTERED]", "controller"=>"api/v1/auth/registrations", "action"=>"create", "registration"=>{"name"=>"kevin", "email"=>"test11@example.com", "password"=>"[FILTERED]", "password_confirmation"=>"[FILTERED]"}} }[0m
  [1m[36mTRANSACTION (0.7ms)[0m  [1m[35mBEGIN[0m
  [1m[36mUser Exists? (0.9ms)[0m  [1m[34mSELECT 1 AS one FROM `users` WHERE `users`.`email` = 'test11@example.com' AND `users`.`provider` = 'email' LIMIT 1[0m
  [1m[36mUser Create (1.7ms)[0m  [1m[32mINSERT INTO `users` (`provider`, `uid`, `encrypted_password`, `reset_password_token`, `reset_password_sent_at`, `allow_password_change`, `remember_created_at`, `confirmation_token`, `confirmed_at`, `confirmation_sent_at`, `unconfirmed_email`, `name`, `nickname`, `image`, `email`, `tokens`, `created_at`, `updated_at`) VALUES ('email', 'test11@example.com', '$2a$12$9EDY9SBwrxhC1gvsh5ZhNeKVeHDn3WnYE9rPK4HY7hpfMhrUubo/y', NULL, NULL, FALSE, NULL, NULL, NULL, NULL, NULL, 'kevin', NULL, NULL, 'test11@example.com', NULL, '2023-07-23 00:58:40.135138', '2023-07-23 00:58:40.135138')[0m
  [1m[36mTRANSACTION (6.4ms)[0m  [1m[35mCOMMIT[0m
  [1m[36mTRANSACTION (0.5ms)[0m  [1m[35mBEGIN[0m
  [1m[36mUser Update (2.2ms)[0m  [1m[33mUPDATE `users` SET `users`.`tokens` = '{\"-wbqMI4W61u6UjTXuMsUHg\":{\"token\":\"$2a$10$aaPdS98YizcQC/i0b3RsA.imAcabxBPc/hlSW/6IsT4l2clOFjSZe\",\"expiry\":1691283520}}', `users`.`updated_at` = '2023-07-23 00:58:40.237604' WHERE `users`.`id` = 4[0m
  [1m[36mTRANSACTION (7.5ms)[0m  [1m[35mCOMMIT[0m
  [1m[36mUser Load (1.7ms)[0m  [1m[34mSELECT `users`.* FROM `users` WHERE `users`.`id` = 4 LIMIT 1[0m
  [1m[36mTRANSACTION (1.1ms)[0m  [1m[35mBEGIN[0m
  [1m[36mUser Load (0.9ms)[0m  [1m[37mSELECT `users`.* FROM `users` WHERE `users`.`id` = 4 LIMIT 1 FOR UPDATE[0m
  [1m[36mUser Update (2.1ms)[0m  [1m[33mUPDATE `users` SET `users`.`tokens` = '{\"-wbqMI4W61u6UjTXuMsUHg\":{\"token\":\"$2a$10$MEZR1WNP8rE48XDFhaxcouXPKsKhB7RZ3847SM5aIJmmzChukDgea\",\"expiry\":1691283520,\"previous_token\":\"$2a$10$aaPdS98YizcQC/i0b3RsA.imAcabxBPc/hlSW/6IsT4l2clOFjSZe\",\"updated_at\":\"2023-07-23T00:58:40Z\"}}', `users`.`updated_at` = '2023-07-23 00:58:40.361038' WHERE `users`.`id` = 4[0m
  [1m[36mTRANSACTION (5.3ms)[0m  [1m[35mCOMMIT[0m
Completed 200 OK in 577ms (Views: 0.2ms | ActiveRecord: 30.9ms | Allocations: 13072)


  
NoMethodError (undefined method `downcase' for nil:NilClass):
  
rack (2.2.7) lib/rack/utils.rb:476:in `[]='
rack (2.2.7) lib/rack/utils.rb:444:in `block in initialize'
rack (2.2.7) lib/rack/utils.rb:444:in `each'
rack (2.2.7) lib/rack/utils.rb:444:in `initialize'
rack (2.2.7) lib/rack/utils.rb:437:in `new'
rack (2.2.7) lib/rack/utils.rb:437:in `[]'
rack (2.2.7) lib/rack/etag.rb:29:in `call'
rack (2.2.7) lib/rack/conditional_get.rb:40:in `call'
rack (2.2.7) lib/rack/head.rb:12:in `call'
activerecord (7.0.6) lib/active_record/migration.rb:603:in `call'
actionpack (7.0.6) lib/action_dispatch/middleware/callbacks.rb:27:in `block in call'
activesupport (7.0.6) lib/active_support/callbacks.rb:99:in `run_callbacks'
actionpack (7.0.6) lib/action_dispatch/middleware/callbacks.rb:26:in `call'
actionpack (7.0.6) lib/action_dispatch/middleware/executor.rb:14:in `call'
actionpack (7.0.6) lib/action_dispatch/middleware/actionable_exceptions.rb:17:in `call'
actionpack (7.0.6) lib/action_dispatch/middleware/debug_exceptions.rb:28:in `call'
actionpack (7.0.6) lib/action_dispatch/middleware/show_exceptions.rb:29:in `call'
railties (7.0.6) lib/rails/rack/logger.rb:40:in `call_app'
railties (7.0.6) lib/rails/rack/logger.rb:25:in `block in call'
activesupport (7.0.6) lib/active_support/tagged_logging.rb:99:in `block in tagged'
activesupport (7.0.6) lib/active_support/tagged_logging.rb:37:in `tagged'
activesupport (7.0.6) lib/active_support/tagged_logging.rb:99:in `tagged'
railties (7.0.6) lib/rails/rack/logger.rb:25:in `call'
actionpack (7.0.6) lib/action_dispatch/middleware/remote_ip.rb:93:in `call'
actionpack (7.0.6) lib/action_dispatch/middleware/request_id.rb:26:in `call'
rack (2.2.7) lib/rack/runtime.rb:22:in `call'
activesupport (7.0.6) lib/active_support/cache/strategy/local_cache_middleware.rb:29:in `call'
actionpack (7.0.6) lib/action_dispatch/middleware/server_timing.rb:61:in `block in call'
actionpack (7.0.6) lib/action_dispatch/middleware/server_timing.rb:26:in `collect_events'
actionpack (7.0.6) lib/action_dispatch/middleware/server_timing.rb:60:in `call'
actionpack (7.0.6) lib/action_dispatch/middleware/executor.rb:14:in `call'
actionpack (7.0.6) lib/action_dispatch/middleware/static.rb:23:in `call'
rack (2.2.7) lib/rack/sendfile.rb:110:in `call'
actionpack (7.0.6) lib/action_dispatch/middleware/host_authorization.rb:137:in `call'
rack-cors (2.0.1) lib/rack/cors.rb:102:in `call'
railties (7.0.6) lib/rails/engine.rb:530:in `call'
puma (5.6.6) lib/puma/configuration.rb:252:in `call'
puma (5.6.6) lib/puma/request.rb:77:in `block in handle_request'
puma (5.6.6) lib/puma/thread_pool.rb:340:in `with_force_shutdown'
puma (5.6.6) lib/puma/request.rb:76:in `handle_request'
puma (5.6.6) lib/puma/server.rb:443:in `process_client'
puma (5.6.6) lib/puma/thread_pool.rb:147:in `block in spawn_thread'
Started POST "/api/v1/auth" for 172.28.0.1 at 2023-07-23 01:00:23 +0000
  [1m[36mActiveRecord::SchemaMigration Pluck (8.4ms)[0m  [1m[34mSELECT `schema_migrations`.`version` FROM `schema_migrations` ORDER BY `schema_migrations`.`version` ASC[0m
Processing by Api::V1::Auth::RegistrationsController#create as */*
  Parameters: {"name"=>"kevin", "email"=>"test12@example.com", "password"=>"[FILTERED]", "password_confirmation"=>"[FILTERED]", "registration"=>{"name"=>"kevin", "email"=>"test12@example.com", "password"=>"[FILTERED]", "password_confirmation"=>"[FILTERED]"}}
[31mUnpermitted parameter: :registration. Context: { controller: Api::V1::Auth::RegistrationsController, action: create, request: #<ActionDispatch::Request:0x00007fcb5d5ebf48>, params: {"name"=>"kevin", "email"=>"test12@example.com", "password"=>"[FILTERED]", "password_confirmation"=>"[FILTERED]", "controller"=>"api/v1/auth/registrations", "action"=>"create", "registration"=>{"name"=>"kevin", "email"=>"test12@example.com", "password"=>"[FILTERED]", "password_confirmation"=>"[FILTERED]"}} }[0m
[31mUnpermitted parameter: :registration. Context: { controller: Api::V1::Auth::RegistrationsController, action: create, request: #<ActionDispatch::Request:0x00007fcb5d5ebf48>, params: {"name"=>"kevin", "email"=>"test12@example.com", "password"=>"[FILTERED]", "password_confirmation"=>"[FILTERED]", "controller"=>"api/v1/auth/registrations", "action"=>"create", "registration"=>{"name"=>"kevin", "email"=>"test12@example.com", "password"=>"[FILTERED]", "password_confirmation"=>"[FILTERED]"}} }[0m
[31mUnpermitted parameter: :registration. Context: { controller: Api::V1::Auth::RegistrationsController, action: create, request: #<ActionDispatch::Request:0x00007fcb5d5ebf48>, params: {"name"=>"kevin", "email"=>"test12@example.com", "password"=>"[FILTERED]", "password_confirmation"=>"[FILTERED]", "controller"=>"api/v1/auth/registrations", "action"=>"create", "registration"=>{"name"=>"kevin", "email"=>"test12@example.com", "password"=>"[FILTERED]", "password_confirmation"=>"[FILTERED]"}} }[0m
  [1m[36mTRANSACTION (0.8ms)[0m  [1m[35mBEGIN[0m
  [1m[36mUser Exists? (2.7ms)[0m  [1m[34mSELECT 1 AS one FROM `users` WHERE `users`.`email` = 'test12@example.com' AND `users`.`provider` = 'email' LIMIT 1[0m
  [1m[36mUser Create (1.1ms)[0m  [1m[32mINSERT INTO `users` (`provider`, `uid`, `encrypted_password`, `reset_password_token`, `reset_password_sent_at`, `allow_password_change`, `remember_created_at`, `confirmation_token`, `confirmed_at`, `confirmation_sent_at`, `unconfirmed_email`, `name`, `nickname`, `image`, `email`, `tokens`, `created_at`, `updated_at`) VALUES ('email', 'test12@example.com', '$2a$12$PQJuApep1lpaG2h/AMBXzeVejnXnS3hvGjWt4TKEguFodJMs0Pwr.', NULL, NULL, FALSE, NULL, NULL, NULL, NULL, NULL, 'kevin', NULL, NULL, 'test12@example.com', NULL, '2023-07-23 01:00:24.688478', '2023-07-23 01:00:24.688478')[0m
  [1m[36mTRANSACTION (5.9ms)[0m  [1m[35mCOMMIT[0m
  [1m[36mTRANSACTION (0.4ms)[0m  [1m[35mBEGIN[0m
  [1m[36mUser Update (1.1ms)[0m  [1m[33mUPDATE `users` SET `users`.`tokens` = '{\"sKPTgwf-64cbJSOUSONi6g\":{\"token\":\"$2a$10$.SPWsWxkIogNtFBoBYtKSO8imCzSIYlwiXdUHXI.8INwRjCs7b.4a\",\"expiry\":1691283624}}', `users`.`updated_at` = '2023-07-23 01:00:24.792941' WHERE `users`.`id` = 5[0m
  [1m[36mTRANSACTION (6.3ms)[0m  [1m[35mCOMMIT[0m
  [1m[36mUser Load (0.7ms)[0m  [1m[34mSELECT `users`.* FROM `users` WHERE `users`.`id` = 5 LIMIT 1[0m
  [1m[36mTRANSACTION (0.5ms)[0m  [1m[35mBEGIN[0m
  [1m[36mUser Load (0.7ms)[0m  [1m[37mSELECT `users`.* FROM `users` WHERE `users`.`id` = 5 LIMIT 1 FOR UPDATE[0m
  [1m[36mUser Update (0.9ms)[0m  [1m[33mUPDATE `users` SET `users`.`tokens` = '{\"sKPTgwf-64cbJSOUSONi6g\":{\"token\":\"$2a$10$d50SjIAQIRN81BeAc90fAOJYGGSIoWQXAa.4p0MPiwYn9JjzGDDle\",\"expiry\":1691283624,\"previous_token\":\"$2a$10$.SPWsWxkIogNtFBoBYtKSO8imCzSIYlwiXdUHXI.8INwRjCs7b.4a\",\"updated_at\":\"2023-07-23T01:00:24Z\"}}', `users`.`updated_at` = '2023-07-23 01:00:24.982107' WHERE `users`.`id` = 5[0m
  [1m[36mTRANSACTION (5.0ms)[0m  [1m[35mCOMMIT[0m
Completed 200 OK in 767ms (Views: 0.3ms | ActiveRecord: 39.9ms | Allocations: 32612)


Started POST "/api/v1/auth/sign_in" for 172.28.0.1 at 2023-07-23 01:02:19 +0000
Processing by DeviseTokenAuth::SessionsController#create as */*
  Parameters: {"email"=>"test12@example.com", "password"=>"[FILTERED]", "session"=>{"email"=>"test12@example.com", "password"=>"[FILTERED]"}}
[31mUnpermitted parameter: :session. Context: { controller: DeviseTokenAuth::SessionsController, action: create, request: #<ActionDispatch::Request:0x00007fcb5cb3c958>, params: {"email"=>"test12@example.com", "password"=>"[FILTERED]", "controller"=>"devise_token_auth/sessions", "action"=>"create", "session"=>{"email"=>"test12@example.com", "password"=>"[FILTERED]"}} }[0m
[31mUnpermitted parameter: :session. Context: { controller: DeviseTokenAuth::SessionsController, action: create, request: #<ActionDispatch::Request:0x00007fcb5cb3c958>, params: {"email"=>"test12@example.com", "password"=>"[FILTERED]", "controller"=>"devise_token_auth/sessions", "action"=>"create", "session"=>{"email"=>"test12@example.com", "password"=>"[FILTERED]"}} }[0m
  [1m[36mUser Load (15.8ms)[0m  [1m[34mSELECT `users`.* FROM `users` WHERE (BINARY `email` = 'test12@example.com' AND provider= 'email') ORDER BY `users`.`id` ASC LIMIT 1[0m
[31mUnpermitted parameter: :session. Context: { controller: DeviseTokenAuth::SessionsController, action: create, request: #<ActionDispatch::Request:0x00007fcb5cb3c958>, params: {"email"=>"test12@example.com", "password"=>"[FILTERED]", "controller"=>"devise_token_auth/sessions", "action"=>"create", "session"=>{"email"=>"test12@example.com", "password"=>"[FILTERED]"}} }[0m
[31mUnpermitted parameter: :session. Context: { controller: DeviseTokenAuth::SessionsController, action: create, request: #<ActionDispatch::Request:0x00007fcb5cb3c958>, params: {"email"=>"test12@example.com", "password"=>"[FILTERED]", "controller"=>"devise_token_auth/sessions", "action"=>"create", "session"=>{"email"=>"test12@example.com", "password"=>"[FILTERED]"}} }[0m
  [1m[36mTRANSACTION (0.3ms)[0m  [1m[35mBEGIN[0m
  [1m[36mUser Load (0.8ms)[0m  [1m[37mSELECT `users`.* FROM `users` WHERE `users`.`id` = 5 LIMIT 1 FOR UPDATE[0m
  [1m[36mUser Update (1.0ms)[0m  [1m[33mUPDATE `users` SET `users`.`tokens` = '{\"sKPTgwf-64cbJSOUSONi6g\":{\"token\":\"$2a$10$d50SjIAQIRN81BeAc90fAOJYGGSIoWQXAa.4p0MPiwYn9JjzGDDle\",\"expiry\":1691283624,\"previous_token\":\"$2a$10$.SPWsWxkIogNtFBoBYtKSO8imCzSIYlwiXdUHXI.8INwRjCs7b.4a\",\"updated_at\":\"2023-07-23T01:00:24Z\"},\"kC4XmKXOiUGMMspSmvmJjA\":{\"token\":\"$2a$10$2AHesX3rTfYY6YpE.utnzeDqDi.CdHrYpqIShUHcieIn72fWaSqY.\",\"expiry\":1691283740}}', `users`.`updated_at` = '2023-07-23 01:02:20.349973' WHERE `users`.`id` = 5[0m
  [1m[36mTRANSACTION (4.4ms)[0m  [1m[35mCOMMIT[0m
  [1m[36mUser Load (1.3ms)[0m  [1m[34mSELECT `users`.* FROM `users` WHERE `users`.`id` = 5 LIMIT 1[0m
  [1m[36mTRANSACTION (0.3ms)[0m  [1m[35mBEGIN[0m
  [1m[36mUser Load (0.6ms)[0m  [1m[37mSELECT `users`.* FROM `users` WHERE `users`.`id` = 5 LIMIT 1 FOR UPDATE[0m
  [1m[36mUser Update (0.6ms)[0m  [1m[33mUPDATE `users` SET `users`.`tokens` = '{\"sKPTgwf-64cbJSOUSONi6g\":{\"token\":\"$2a$10$d50SjIAQIRN81BeAc90fAOJYGGSIoWQXAa.4p0MPiwYn9JjzGDDle\",\"expiry\":1691283624,\"previous_token\":\"$2a$10$.SPWsWxkIogNtFBoBYtKSO8imCzSIYlwiXdUHXI.8INwRjCs7b.4a\",\"updated_at\":\"2023-07-23T01:00:24Z\"},\"kC4XmKXOiUGMMspSmvmJjA\":{\"token\":\"$2a$10$rz/3PyXux/JqCjMRV7GaW.ey6rc.AcIC3RnU1XZ6RFpoO1m9CP2sa\",\"expiry\":1691283740,\"previous_token\":\"$2a$10$2AHesX3rTfYY6YpE.utnzeDqDi.CdHrYpqIShUHcieIn72fWaSqY.\",\"updated_at\":\"2023-07-23T01:02:20Z\"}}', `users`.`updated_at` = '2023-07-23 01:02:20.456969' WHERE `users`.`id` = 5[0m
  [1m[36mTRANSACTION (7.4ms)[0m  [1m[35mCOMMIT[0m
Completed 200 OK in 582ms (Views: 0.3ms | ActiveRecord: 32.5ms | Allocations: 12988)


Started GET "/api/v1/test" for 172.28.0.1 at 2023-07-24 13:17:09 +0000
Started GET "/api/v1/test" for 172.28.0.1 at 2023-07-24 13:17:10 +0000
  [1m[36mActiveRecord::SchemaMigration Pluck (108.4ms)[0m  [1m[34mSELECT `schema_migrations`.`version` FROM `schema_migrations` ORDER BY `schema_migrations`.`version` ASC[0m
Processing by Api::V1::TestController#index as HTML
Processing by Api::V1::TestController#index as HTML
Completed 200 OK in 45ms (Views: 2.1ms | ActiveRecord: 0.0ms | Allocations: 2445)


Completed 200 OK in 31ms (Views: 0.1ms | ActiveRecord: 0.0ms | Allocations: 2278)


